This is pdfTeX, Version 3.141592653-2.6-1.40.28 (MiKTeX 25.12) (preloaded format=pdflatex 2026.6.15)  16 JUN 2026 16:53
entering extended mode
 restricted \write18 enabled.
 %&-line parsing enabled.
**./main.tex
(main.tex
LaTeX2e <2026-06-01>
L3 programming layer <2026-05-26>
(C:\Users\zakar\AppData\Local\Programs\MiKTeX\tex/latex/base\report.cls
Document Class: report 2025/01/22 v1.4n Standard LaTeX document class
(C:\Users\zakar\AppData\Local\Programs\MiKTeX\tex/latex/base\size12.clo
File: size12.clo 2025/01/22 v1.4n Standard LaTeX file (size option)
)
\c@part=\count276
\c@chapter=\count277
\c@section=\count278
\c@subsection=\count279
\c@subsubsection=\count280
\c@paragraph=\count281
\c@subparagraph=\count282
\c@figure=\count283
\c@table=\count284
\abovecaptionskip=\skip49
\belowcaptionskip=\skip50
\bibindent=\dimen150
)
(C:\Users\zakar\AppData\Local\Programs\MiKTeX\tex/latex/geometry\geometry.sty
Package: geometry 2026/03/07 v6.0 Page Geometry

(C:\Users\zakar\AppData\Local\Programs\MiKTeX\tex/latex/graphics\keyval.sty
Package: keyval 2026-05-17 v1.15 key=value parser (DPC)
\KV@toks@=\toks17
)
(C:\Users\zakar\AppData\Local\Programs\MiKTeX\tex/generic/iftex\ifvtex.sty
Package: ifvtex 2019/10/25 v1.7 ifvtex legacy package. Use iftex instead.

(C:\Users\zakar\AppData\Local\Programs\MiKTeX\tex/generic/iftex\iftex.sty
Package: iftex 2024/12/12 v1.0g TeX engine tests
))
\Gm@cnth=\count285
\Gm@cntv=\count286
\c@Gm@tempcnt=\count287
\Gm@bindingoffset=\dimen151
\Gm@wd@mp=\dimen152
\Gm@odd@mp=\dimen153
\Gm@even@mp=\dimen154
\Gm@layoutwidth=\dimen155
\Gm@layoutheight=\dimen156
\Gm@layouthoffset=\dimen157
\Gm@layoutvoffset=\dimen158
\Gm@dimlist=\toks18

(C:\Users\zakar\AppData\Local\Programs\MiKTeX\tex/latex/geometry\geometry.cfg))
(C:\Users\zakar\AppData\Local\Programs\MiKTeX\tex/latex/graphics\graphicx.sty
Package: graphicx 2026-05-17 v1.2e Enhanced LaTeX Graphics (DPC,SPQR)

(C:\Users\zakar\AppData\Local\Programs\MiKTeX\tex/latex/graphics\graphics.sty
Package: graphics 2026-05-17 v1.4h Standard LaTeX Graphics (DPC,SPQR)

(C:\Users\zakar\AppData\Local\Programs\MiKTeX\tex/latex/graphics\trig.sty
Package: trig 2023/12/02 v1.11 sin cos tan (DPC)
)
(C:\Users\zakar\AppData\Local\Programs\MiKTeX\tex/latex/graphics-cfg\graphics.c
fg
File: graphics.cfg 2016/06/04 v1.11 sample graphics configuration
)
Package graphics Info: Driver file: pdftex.def on input line 106.

(C:\Users\zakar\AppData\Local\Programs\MiKTeX\tex/latex/graphics-def\pdftex.def
File: pdftex.def 2025/09/29 v1.2d Graphics/color driver for pdftex
))
\Gin@req@height=\dimen159
\Gin@req@width=\dimen160
) (C:\Program Files\MiKTeX\tex/latex/booktabs\booktabs.sty
Package: booktabs 2020/01/12 v1.61803398 Publication quality tables
\heavyrulewidth=\dimen161
\lightrulewidth=\dimen162
\cmidrulewidth=\dimen163
\belowrulesep=\dimen164
\belowbottomsep=\dimen165
\aboverulesep=\dimen166
\abovetopsep=\dimen167
\cmidrulesep=\dimen168
\cmidrulekern=\dimen169
\defaultaddspace=\dimen170
\@cmidla=\count288
\@cmidlb=\count289
\@aboverulesep=\dimen171
\@belowrulesep=\dimen172
\@thisruleclass=\count290
\@lastruleclass=\count291
\@thisrulewidth=\dimen173
)
(C:\Users\zakar\AppData\Local\Programs\MiKTeX\tex/latex/tools\tabularx.sty
Package: tabularx 2023/12/11 v2.12a `tabularx' package (DPC)

(C:\Users\zakar\AppData\Local\Programs\MiKTeX\tex/latex/tools\array.sty
Package: array 2026/02/24 v2.7b Tabular extension package (FMi)
\col@sep=\dimen174
\ar@mcellbox=\box53
\extrarowheight=\dimen175
\NC@list=\toks19
\extratabsurround=\skip51
\backup@length=\skip52
\ar@cellbox=\box54
)
\TX@col@width=\dimen176
\TX@old@table=\dimen177
\TX@old@col=\dimen178
\TX@target=\dimen179
\TX@delta=\dimen180
\TX@cols=\count292
\TX@ftn=\toks20
)
(C:\Users\zakar\AppData\Local\Programs\MiKTeX\tex/latex/amsmath\amsmath.sty
Package: amsmath 2026/05/19 v2.18d AMS math features
\@mathmargin=\skip53

For additional information on amsmath, use the `?' option.
(C:\Users\zakar\AppData\Local\Programs\MiKTeX\tex/latex/amsmath\amstext.sty
Package: amstext 2024/11/17 v2.01 AMS text

(C:\Users\zakar\AppData\Local\Programs\MiKTeX\tex/latex/amsmath\amsgen.sty
File: amsgen.sty 1999/11/30 v2.0 generic functions
\@emptytoks=\toks21
\ex@=\dimen181
))
(C:\Users\zakar\AppData\Local\Programs\MiKTeX\tex/latex/amsmath\amsbsy.sty
Package: amsbsy 1999/11/29 v1.2d Bold Symbols
\pmbraise@=\dimen182
)
(C:\Users\zakar\AppData\Local\Programs\MiKTeX\tex/latex/amsmath\amsopn.sty
Package: amsopn 2022/04/08 v2.04 operator names
)
\inf@bad=\count293
LaTeX Info: Redefining \frac on input line 233.
\uproot@=\count294
\leftroot@=\count295
LaTeX Info: Redefining \overline on input line 398.
LaTeX Info: Redefining \colon on input line 409.
\classnum@=\count296
\DOTSCASE@=\count297
LaTeX Info: Redefining \ldots on input line 495.
LaTeX Info: Redefining \dots on input line 498.
LaTeX Info: Redefining \cdots on input line 619.
\Mathstrutbox@=\box55
\strutbox@=\box56
LaTeX Info: Redefining \big on input line 721.
LaTeX Info: Redefining \Big on input line 722.
LaTeX Info: Redefining \bigg on input line 723.
LaTeX Info: Redefining \Bigg on input line 724.
\big@size=\dimen183
LaTeX Font Info:    Redeclaring font encoding OML on input line 742.
LaTeX Font Info:    Redeclaring font encoding OMS on input line 743.
\macc@depth=\count298
LaTeX Info: Redefining \bmod on input line 904.
LaTeX Info: Redefining \pmod on input line 909.
LaTeX Info: Redefining \smash on input line 939.
LaTeX Info: Redefining \relbar on input line 969.
LaTeX Info: Redefining \Relbar on input line 970.
\c@MaxMatrixCols=\count299
\dotsspace@=\muskip17
\c@parentequation=\count300
\dspbrk@lvl=\count301
\tag@help=\toks22
\row@=\count302
\column@=\count303
\maxfields@=\count304
\andhelp@=\toks23
\eqnshift@=\dimen184
\alignsep@=\dimen185
\tagshift@=\dimen186
\tagwidth@=\dimen187
\totwidth@=\dimen188
\lineht@=\dimen189
\@envbody=\toks24
\multlinegap=\skip54
\multlinetaggap=\skip55
\mathdisplay@stack=\toks25
LaTeX Info: Redefining \[ on input line 2965.
LaTeX Info: Redefining \] on input line 2966.
)
(C:\Users\zakar\AppData\Local\Programs\MiKTeX\tex/latex/amsfonts\amssymb.sty
Package: amssymb 2013/01/14 v3.01 AMS font symbols

(C:\Users\zakar\AppData\Local\Programs\MiKTeX\tex/latex/amsfonts\amsfonts.sty
Package: amsfonts 2013/01/14 v3.01 Basic AMSFonts support
\symAMSa=\mathgroup4
\symAMSb=\mathgroup5
LaTeX Font Info:    Redeclaring math symbol \hbar on input line 98.
LaTeX Font Info:    Overwriting math alphabet `\mathfrak' in version `bold'
(Font)                  U/euf/m/n --> U/euf/b/n on input line 106.
)) (C:\Users\zakar\AppData\Local\Programs\MiKTeX\tex/latex/listings\listings.st
y
\lst@mode=\count305
\lst@gtempboxa=\box57
\lst@token=\toks26
\lst@length=\count306
\lst@currlwidth=\dimen190
\lst@column=\count307
\lst@pos=\count308
\lst@lostspace=\dimen191
\lst@width=\dimen192
\lst@newlines=\count309
\lst@lineno=\count310
\lst@maxwidth=\dimen193

(C:\Users\zakar\AppData\Local\Programs\MiKTeX\tex/latex/listings\lstpatch.sty
File: lstpatch.sty 2025/11/14 1.11b (Carsten Heinz)
)
(C:\Users\zakar\AppData\Local\Programs\MiKTeX\tex/latex/listings\lstmisc.sty
File: lstmisc.sty 2025/11/14 1.11b (Carsten Heinz)
\c@lstnumber=\count311
\lst@skipnumbers=\count312
\lst@framebox=\box58
)
(C:\Users\zakar\AppData\Local\Programs\MiKTeX\tex/latex/listings\listings.cfg
File: listings.cfg 2025/11/14 1.11b listings configuration
))
Package: listings 2025/11/14 1.11b (Carsten Heinz)
(C:\Users\zakar\AppData\Local\Programs\MiKTeX\tex/latex/xcolor\xcolor.sty
Package: xcolor 2024/09/29 v3.02 LaTeX color extensions (UK)

(C:\Users\zakar\AppData\Local\Programs\MiKTeX\tex/latex/graphics-cfg\color.cfg
File: color.cfg 2016/01/02 v1.6 sample color configuration
)
Package xcolor Info: Driver file: pdftex.def on input line 274.
(C:\Users\zakar\AppData\Local\Programs\MiKTeX\tex/latex/graphics\mathcolor.ltx)
Package xcolor Info: Model `cmy' substituted by `cmy0' on input line 1349.
Package xcolor Info: Model `hsb' substituted by `rgb' on input line 1353.
Package xcolor Info: Model `RGB' extended on input line 1365.
Package xcolor Info: Model `HTML' substituted by `rgb' on input line 1367.
Package xcolor Info: Model `Hsb' substituted by `hsb' on input line 1368.
Package xcolor Info: Model `tHsb' substituted by `hsb' on input line 1369.
Package xcolor Info: Model `HSB' substituted by `hsb' on input line 1370.
Package xcolor Info: Model `Gray' substituted by `gray' on input line 1371.
Package xcolor Info: Model `wave' substituted by `hsb' on input line 1372.
) (C:\Program Files\MiKTeX\tex/latex/colortbl\colortbl.sty
Package: colortbl 2026/05/01 v1.0l Color table columns (DPC)

new hooks used!!
\minrowclearance=\skip56
\rownum=\count313
) (C:\Users\zakar\AppData\Local\Programs\MiKTeX\tex/latex/setspace\setspace.sty
Package: setspace 2022/12/04 v6.7b set line spacing
) (C:\Users\zakar\AppData\Local\Programs\MiKTeX\tex/latex/float\float.sty
Package: float 2001/11/08 v1.3d Float enhancements (AL)
\c@float@type=\count314
\float@exts=\toks27
\float@box=\box59
\@float@everytoks=\toks28
\@floatcapt=\box60
)
(C:\Users\zakar\AppData\Local\Programs\MiKTeX\tex/latex/enumitem\enumitem.sty
Package: enumitem 2025/02/06 v3.11 Customized lists
\labelindent=\skip57
\enit@outerparindent=\dimen194
\enit@toks=\toks29
\enit@inbox=\box61
\enit@count@id=\count315
\enitdp@description=\count316
)
(C:\Program Files\MiKTeX\tex/latex/algorithm2e\algorithm2e.sty
Package: algorithm2e 2017/07/18 v5.2 algorithms environments
\c@AlgoLine=\count317

(C:\Users\zakar\AppData\Local\Programs\MiKTeX\tex/latex/base\ifthen.sty
Package: ifthen 2024/03/16 v1.1e Standard LaTeX ifthen package (DPC)
)
\algocf@hangindent=\skip58

(C:\Program Files\MiKTeX\tex/latex/ifoddpage\ifoddpage.sty
Package: ifoddpage 2022/10/18 v1.2 Conditionals for odd/even page detection
\c@checkoddpage=\count318
)
(C:\Users\zakar\AppData\Local\Programs\MiKTeX\tex/latex/tools\xspace.sty
Package: xspace 2014/10/28 v1.13 Space after command names (DPC,MH)
)
(C:\Program Files\MiKTeX\tex/latex/relsize\relsize.sty
Package: relsize 2013/03/29 ver 4.1
)
\skiptotal=\skip59
\skiplinenumber=\skip60
\skiprule=\skip61
\skiphlne=\skip62
\skiptext=\skip63
\skiplength=\skip64
\algomargin=\skip65
\skipalgocfslide=\skip66
\algowidth=\dimen195
\inoutsize=\dimen196
\inoutindent=\dimen197
\interspacetitleruled=\dimen198
\interspacealgoruled=\dimen199
\interspacetitleboxruled=\dimen256
\algocf@ruledwidth=\skip67
\algocf@inoutbox=\box62
\algocf@inputbox=\box63
\AlCapSkip=\skip68
\AlCapHSkip=\skip69
\algoskipindent=\skip70
\algocf@nlbox=\box64
\algocf@hangingbox=\box65
\algocf@untilbox=\box66
\algocf@skipuntil=\skip71
\algocf@capbox=\box67
\algocf@lcaptionbox=\skip72
\algoheightruledefault=\skip73
\algoheightrule=\skip74
\algotitleheightruledefault=\skip75
\algotitleheightrule=\skip76
\c@algocfline=\count319
\c@algocfproc=\count320
\c@algocf=\count321
\algocf@algoframe=\box68
\algocf@algobox=\box69
)
(C:\Users\zakar\AppData\Local\Programs\MiKTeX\tex/latex/hyperref\hyperref.sty
Package: hyperref 2026-04-24 v7.01q Hypertext links for LaTeX

(C:\Users\zakar\AppData\Local\Programs\MiKTeX\tex/latex/kvsetkeys\kvsetkeys.sty
Package: kvsetkeys 2022-10-05 v1.19 Key value parser (HO)
)
(C:\Users\zakar\AppData\Local\Programs\MiKTeX\tex/generic/kvdefinekeys\kvdefine
keys.sty
Package: kvdefinekeys 2019-12-19 v1.6 Define keys (HO)
)
(C:\Users\zakar\AppData\Local\Programs\MiKTeX\tex/generic/pdfescape\pdfescape.s
ty
Package: pdfescape 2019/12/09 v1.15 Implements pdfTeX's escape features (HO)

(C:\Users\zakar\AppData\Local\Programs\MiKTeX\tex/generic/ltxcmds\ltxcmds.sty
Package: ltxcmds 2023-12-04 v1.26 LaTeX kernel commands for general use (HO)
)
(C:\Users\zakar\AppData\Local\Programs\MiKTeX\tex/generic/pdftexcmds\pdftexcmds
.sty
Package: pdftexcmds 2020-06-27 v0.33 Utility functions of pdfTeX for LuaTeX (HO
)

(C:\Users\zakar\AppData\Local\Programs\MiKTeX\tex/generic/infwarerr\infwarerr.s
ty
Package: infwarerr 2019/12/03 v1.5 Providing info/warning/error messages (HO)
)
Package pdftexcmds Info: \pdf@primitive is available.
Package pdftexcmds Info: \pdf@ifprimitive is available.
Package pdftexcmds Info: \pdfdraftmode found.
))
(C:\Users\zakar\AppData\Local\Programs\MiKTeX\tex/latex/hycolor\hycolor.sty
Package: hycolor 2020-01-27 v1.10 Color options for hyperref/bookmark (HO)
)
(C:\Users\zakar\AppData\Local\Programs\MiKTeX\tex/latex/hyperref\nameref.sty
Package: nameref 2026-01-29 v2.58 Cross-referencing by name of section

(C:\Users\zakar\AppData\Local\Programs\MiKTeX\tex/latex/refcount\refcount.sty
Package: refcount 2019/12/15 v3.6 Data extraction from label references (HO)
)
(C:\Users\zakar\AppData\Local\Programs\MiKTeX\tex/generic/gettitlestring\gettit
lestring.sty
Package: gettitlestring 2019/12/15 v1.6 Cleanup title references (HO)

(C:\Users\zakar\AppData\Local\Programs\MiKTeX\tex/latex/kvoptions\kvoptions.sty
Package: kvoptions 2022-06-15 v3.15 Key value format for package options (HO)
))
\c@section@level=\count322
)
(C:\Users\zakar\AppData\Local\Programs\MiKTeX\tex/latex/etoolbox\etoolbox.sty
Package: etoolbox 2025/10/02 v2.5m e-TeX tools for LaTeX (JAW)
\etb@tempcnta=\count323
)
(C:\Users\zakar\AppData\Local\Programs\MiKTeX\tex/generic/stringenc\stringenc.s
ty
Package: stringenc 2019/11/29 v1.12 Convert strings between diff. encodings (HO
)
)
\@linkdim=\dimen257
\Hy@linkcounter=\count324
\Hy@pagecounter=\count325
 (C:\Users\zakar\AppData\Local\Programs\MiKTeX\tex/latex/hyperref\pd1enc.def
File: pd1enc.def 2026-04-24 v7.01q Hyperref: PDFDocEncoding definition (HO)
Now handling font encoding PD1 ...
... no UTF-8 mapping file for font encoding PD1
) (C:\Users\zakar\AppData\Local\Programs\MiKTeX\tex/generic/intcalc\intcalc.sty
Package: intcalc 2019/12/15 v1.3 Expandable calculations with integers (HO)
)
\Hy@SavedSpaceFactor=\count326
 (C:\Users\zakar\AppData\Local\Programs\MiKTeX\tex/latex/hyperref\puenc.def
File: puenc.def 2026-04-24 v7.01q Hyperref: PDF Unicode definition (HO)
Now handling font encoding PU ...
... no UTF-8 mapping file for font encoding PU
)
Package hyperref Info: Hyper figures OFF on input line 4199.
Package hyperref Info: Link nesting OFF on input line 4204.
Package hyperref Info: Hyper index ON on input line 4207.
Package hyperref Info: Plain pages OFF on input line 4214.
Package hyperref Info: Backreferencing OFF on input line 4219.
Package hyperref Info: Implicit mode ON; LaTeX internals redefined.
Package hyperref Info: Bookmarks ON on input line 4466.
\c@Hy@tempcnt=\count327

(C:\Users\zakar\AppData\Local\Programs\MiKTeX\tex/latex/url\url.sty
\Urlmuskip=\muskip18
Package: url 2013/09/16  ver 3.4  Verb mode for urls, etc.
)
LaTeX Info: Redefining \url on input line 4805.
\XeTeXLinkMargin=\dimen258

(C:\Users\zakar\AppData\Local\Programs\MiKTeX\tex/generic/bitset\bitset.sty
Package: bitset 2019/12/09 v1.3 Handle bit-vector datatype (HO)

(C:\Users\zakar\AppData\Local\Programs\MiKTeX\tex/generic/bigintcalc\bigintcalc
.sty
Package: bigintcalc 2019/12/15 v1.5 Expandable calculations on big integers (HO
)
))
\Fld@menulength=\count328
\Field@Width=\dimen259
\Fld@charsize=\dimen260
Package hyperref Info: Hyper figures OFF on input line 6091.
Package hyperref Info: Link nesting OFF on input line 6096.
Package hyperref Info: Hyper index ON on input line 6099.
Package hyperref Info: backreferencing OFF on input line 6106.
Package hyperref Info: Link coloring OFF on input line 6111.
Package hyperref Info: Link coloring with OCG OFF on input line 6116.
Package hyperref Info: PDF/A mode OFF on input line 6121.
\Hy@abspage=\count329
\c@Item=\count330
\c@Hfootnote=\count331
)
Package hyperref Info: Driver (autodetected): hpdftex.

(C:\Users\zakar\AppData\Local\Programs\MiKTeX\tex/latex/hyperref\hpdftex.def
File: hpdftex.def 2026-04-24 v7.01q Hyperref driver for pdfTeX
\Fld@listcount=\count332
\c@bookmark@seq@number=\count333

(C:\Users\zakar\AppData\Local\Programs\MiKTeX\tex/latex/rerunfilecheck\rerunfil
echeck.sty
Package: rerunfilecheck 2025-06-21 v1.11 Rerun checks for auxiliary files (HO)

(C:\Users\zakar\AppData\Local\Programs\MiKTeX\tex/generic/uniquecounter\uniquec
ounter.sty
Package: uniquecounter 2019/12/15 v1.4 Provide unlimited unique counter (HO)
)
Package uniquecounter Info: New unique counter `rerunfilecheck' on input line 2
84.
)
\Hy@SectionHShift=\skip77
)
(C:\Users\zakar\AppData\Local\Programs\MiKTeX\tex/latex/l3backend\l3backend-pdf
tex.def
File: l3backend-pdftex.def 2026-02-18 L3 backend support: PDF output (pdfTeX)
\l__color_backend_stack_int=\count334
) (main.aux (chapters/general_introduction.aux) (chapters/chapter_1.aux) (chapt
ers/chapter_2.aux) (chapters/chapter_3.aux) (chapters/chapter_4.aux)
(chapters/chapter_5.aux) (chapters/chapter_6.aux))
\openout1 = `main.aux'.

LaTeX Font Info:    Checking defaults for OML/cmm/m/it on input line 51.
LaTeX Font Info:    ... okay on input line 51.
LaTeX Font Info:    Checking defaults for OMS/cmsy/m/n on input line 51.
LaTeX Font Info:    ... okay on input line 51.
LaTeX Font Info:    Checking defaults for OT1/cmr/m/n on input line 51.
LaTeX Font Info:    ... okay on input line 51.
LaTeX Font Info:    Checking defaults for T1/cmr/m/n on input line 51.
LaTeX Font Info:    ... okay on input line 51.
LaTeX Font Info:    Checking defaults for TS1/cmr/m/n on input line 51.
LaTeX Font Info:    ... okay on input line 51.
LaTeX Font Info:    Checking defaults for OMX/cmex/m/n on input line 51.
LaTeX Font Info:    ... okay on input line 51.
LaTeX Font Info:    Checking defaults for U/cmr/m/n on input line 51.
LaTeX Font Info:    ... okay on input line 51.
LaTeX Font Info:    Checking defaults for PD1/pdf/m/n on input line 51.
LaTeX Font Info:    ... okay on input line 51.
LaTeX Font Info:    Checking defaults for PU/pdf/m/n on input line 51.
LaTeX Font Info:    ... okay on input line 51.

*geometry* driver: auto-detecting
*geometry* detected driver: pdftex
*geometry* verbose mode - [ preamble ] result:
* driver: pdftex
* paper: a4paper
* layout: <same size as paper>
* layoutoffset:(h,v)=(0.0pt,0.0pt)
* modes: 
* h-part:(L,W,R)=(71.13188pt, 455.24411pt, 71.13188pt)
* v-part:(T,H,B)=(71.13188pt, 702.78308pt, 71.13188pt)
* \paperwidth=597.50787pt
* \paperheight=845.04684pt
* \textwidth=455.24411pt
* \textheight=702.78308pt
* \oddsidemargin=-1.1381pt
* \evensidemargin=-1.1381pt
* \topmargin=-38.1381pt
* \headheight=12.0pt
* \headsep=25.0pt
* \topskip=12.0pt
* \footskip=30.0pt
* \marginparwidth=35.0pt
* \marginparsep=10.0pt
* \columnsep=10.0pt
* \skip\footins=10.8pt plus 4.0pt minus 2.0pt
* \hoffset=0.0pt
* \voffset=0.0pt
* \mag=1000
* \@twocolumnfalse
* \@twosidefalse
* \@mparswitchfalse
* \@reversemarginfalse
* (1in=72.27pt=25.4mm, 1cm=28.453pt)


(C:\Users\zakar\AppData\Local\Programs\MiKTeX\tex/context/base/mkii\supp-pdf.mk
ii
[Loading MPS to PDF converter (version 2006.09.02).]
\scratchcounter=\count335
\scratchdimen=\dimen261
\scratchbox=\box70
\nofMPsegments=\count336
\nofMParguments=\count337
\everyMPshowfont=\toks30
\MPscratchCnt=\count338
\MPscratchDim=\dimen262
\MPnumerator=\count339
\makeMPintoPDFobject=\count340
\everyMPtoPDFconversion=\toks31
)
(C:\Users\zakar\AppData\Local\Programs\MiKTeX\tex/latex/epstopdf-pkg\epstopdf-b
ase.sty
Package: epstopdf-base 2020-01-24 v2.11 Base part for package epstopdf
Package epstopdf-base Info: Redefining graphics rule for `.eps' on input line 4
85.

(C:\Users\zakar\AppData\Local\Programs\MiKTeX\tex/latex/00miktex\epstopdf-sys.c
fg
File: epstopdf-sys.cfg 2021/03/18 v2.0 Configuration of epstopdf for MiKTeX
))
\c@lstlisting=\count341
Package hyperref Info: Link coloring OFF on input line 51.
 (main.out) (main.out)
\@outlinefile=\write3
\openout3 = `main.out'.

 (main.toc
LaTeX Font Info:    Trying to load font information for U+msa on input line 3.

(C:\Users\zakar\AppData\Local\Programs\MiKTeX\tex/latex/amsfonts\umsa.fd
File: umsa.fd 2013/01/14 v3.01 AMS symbols A
)
LaTeX Font Info:    Trying to load font information for U+msb on input line 3.

(C:\Users\zakar\AppData\Local\Programs\MiKTeX\tex/latex/amsfonts\umsb.fd
File: umsb.fd 2013/01/14 v3.01 AMS symbols B
)
[1


{C:/Users/zakar/AppData/Local/MiKTeX/fonts/map/pdftex/pdftex.map}] [2]
[3] [4] [5])
\tf@toc=\write4
\openout4 = `main.toc'.

 [6] (main.lof)
\tf@lof=\write5
\openout5 = `main.lof'.

 [7

] [8] (main.lot)
\tf@lot=\write6
\openout6 = `main.lot'.

 [9

]
\openout2 = `chapters/general_introduction.aux'.


(chapters/general_introduction.tex [1



] [2]) [3]
\openout2 = `chapters/chapter_1.aux'.

 (chapters/chapter_1.tex
Chapter 1.
[4




] [5] [6]
Overfull \hbox (1.29976pt too wide) in paragraph at lines 82--83
[]\OT1/cmr/m/n/12 This ex-pec-ta-tion ap-pears in the project con-text through 
Adria stan-dards and environment-
 []

[7]
<images/ch1_scf_ecosystem.png, id=877, 1505.625pt x 863.225pt>
File: images/ch1_scf_ecosystem.png Graphic file (type png)
<use images/ch1_scf_ecosystem.png>
Package pdftex.def Info: images/ch1_scf_ecosystem.png  used on input line 96.
(pdftex.def)             Requested size: 455.24411pt x 261.01111pt.
 [8 <./images/ch1_scf_ecosystem.png (PNG copy)>] [9] [10]
<images/ch1_internship_workflow.png, id=892, 1545.775pt x 652.4375pt>
File: images/ch1_internship_workflow.png Graphic file (type png)
<use images/ch1_internship_workflow.png>
Package pdftex.def Info: images/ch1_internship_workflow.png  used on input line
 143.
(pdftex.def)             Requested size: 455.24411pt x 192.14882pt.
 [11 <./images/ch1_internship_workflow.png (PNG copy)>] [12]
<images/ch1_internship_timeline.png, id=903, 1555.8125pt x 652.4375pt>
File: images/ch1_internship_timeline.png Graphic file (type png)
<use images/ch1_internship_timeline.png>
Package pdftex.def Info: images/ch1_internship_timeline.png  used on input line
 195.
(pdftex.def)             Requested size: 455.24411pt x 190.90439pt.
 [13]) [14 <./images/ch1_internship_timeline.png (PNG copy)>]
\openout2 = `chapters/chapter_2.aux'.

 (chapters/chapter_2.tex
Chapter 2.

Overfull \hbox (17.1517pt too wide) in paragraph at lines 11--11
[]\OT1/cmr/bx/n/17.28 Overall Ar-chi-tec-ture: Mi-croser-vices on Adria Stan-
 []

[15




]
<images/ch2_global_architecture.png, id=917, 1525.7pt x 792.9625pt>
File: images/ch2_global_architecture.png Graphic file (type png)
<use images/ch2_global_architecture.png>
Package pdftex.def Info: images/ch2_global_architecture.png  used on input line
 28.
(pdftex.def)             Requested size: 455.24411pt x 236.60802pt.
 [16 <./images/ch2_global_architecture.png (PNG copy)>]
Overfull \hbox (60.84787pt too wide) in paragraph at lines 38--39
\OT1/cmr/m/n/12 data. Shared en-tity li-braries such as \OT1/cmtt/m/n/12 adria-
scf-entities \OT1/cmr/m/n/12 and \OT1/cmtt/m/n/12 foundation-data-library-entit
ies
 []


Overfull \hbox (77.52196pt too wide) in paragraph at lines 40--41
\OT1/cmr/m/n/12 ser-vices, hooks, and typed mod-els. Com-po-nents such as \OT1/
cmtt/m/n/12 SCFMasterSetup\OT1/cmr/m/n/12 , \OT1/cmtt/m/n/12 SCFCounterPartyOnb
oarding\OT1/cmr/m/n/12 ,
 []


Overfull \hbox (3.82446pt too wide) in paragraph at lines 40--41
\OT1/cmtt/m/n/12 ProgramFormDialog\OT1/cmr/m/n/12 , \OT1/cmtt/m/n/12 InvoiceUpl
oadForm\OT1/cmr/m/n/12 , and \OT1/cmtt/m/n/12 FinanceDisbursementModal \OT1/cmr
/m/n/12 ex-press busi-
 []

LaTeX Font Info:    Font shape `OT1/cmtt/bx/n' in size <14.4> not available
(Font)              Font shape `OT1/cmtt/m/n' tried instead on input line 52.
[17]
<images/ch2_gateway_filter_chain.png, id=928, 1535.7375pt x 692.5875pt>
File: images/ch2_gateway_filter_chain.png Graphic file (type png)
<use images/ch2_gateway_filter_chain.png>
Package pdftex.def Info: images/ch2_gateway_filter_chain.png  used on input lin
e 73.
(pdftex.def)             Requested size: 455.24411pt x 205.30493pt.
 [18] [19 <./images/ch2_gateway_filter_chain.png (PNG copy)>]
Overfull \hbox (43.62349pt too wide) in paragraph at lines 105--106
\OT1/cmr/m/n/12 The ap-pli-ca-tion routes in-clude \OT1/cmtt/m/n/12 /auth\OT1/c
mr/m/n/12 , the main pro-tected route \OT1/cmtt/m/n/12 /\OT1/cmr/m/n/12 , and \
OT1/cmtt/m/n/12 /specification-document\OT1/cmr/m/n/12 .
 []


Overfull \hbox (28.0149pt too wide) in paragraph at lines 112--113
\OT1/cmr/m/n/12 am-ple, \OT1/cmtt/m/n/12 scfCounterPartyService \OT1/cmr/m/n/12
 maps to \OT1/cmtt/m/n/12 /scf/counterparties\OT1/cmr/m/n/12 , \OT1/cmtt/m/n/12
 scfProgramConfigService
 []

[20]
<images/ch2_auth_role_flow.png, id=942, 1535.7375pt x 662.475pt>
File: images/ch2_auth_role_flow.png Graphic file (type png)
<use images/ch2_auth_role_flow.png>
Package pdftex.def Info: images/ch2_auth_role_flow.png  used on input line 128.

(pdftex.def)             Requested size: 455.24411pt x 196.37863pt.
 [21 <./images/ch2_auth_role_flow.png (PNG copy)>] [22]
<images/ch2_storage_document_flow.png, id=953, 1545.775pt x 682.55pt>
File: images/ch2_storage_document_flow.png Graphic file (type png)
<use images/ch2_storage_document_flow.png>
Package pdftex.def Info: images/ch2_storage_document_flow.png  used on input li
ne 166.
(pdftex.def)             Requested size: 455.24411pt x 201.01723pt.
 [23 <./images/ch2_storage_document_flow.png (PNG copy)>] [24]) [25]
\openout2 = `chapters/chapter_3.aux'.

 (chapters/chapter_3.tex
Chapter 3.
[26




]
<images/ch3_core_data_model.png, id=971, 1565.85pt x 792.9625pt>
File: images/ch3_core_data_model.png Graphic file (type png)
<use images/ch3_core_data_model.png>
Package pdftex.def Info: images/ch3_core_data_model.png  used on input line 28.

(pdftex.def)             Requested size: 455.24411pt x 230.53401pt.

Overfull \hbox (18.57784pt too wide) in paragraph at lines 33--34
\OT1/cmr/m/n/12 tact in-for-ma-tion, ad-dress data, role, sta-tus, and roll-bac
k data. It is linked to \OT1/cmtt/m/n/12 ScfBankAccount\OT1/cmr/m/n/12 ,
 []

[27 <./images/ch3_core_data_model.png (PNG copy)>] [28] [29]
<images/ch3_maker_checker_state.png, id=987, 1505.625pt x 562.1pt>
File: images/ch3_maker_checker_state.png Graphic file (type png)
<use images/ch3_maker_checker_state.png>
Package pdftex.def Info: images/ch3_maker_checker_state.png  used on input line
 88.
(pdftex.def)             Requested size: 455.24411pt x 169.96072pt.
 [30 <./images/ch3_maker_checker_state.png (PNG copy)>]
Overfull \hbox (54.57214pt too wide) in paragraph at lines 115--116
\OT1/cmr/m/n/12 The con-troller pack-age con-tains \OT1/cmtt/m/n/12 CounterPart
yController \OT1/cmr/m/n/12 and \OT1/cmtt/m/n/12 CounterPartyDocumentController
\OT1/cmr/m/n/12 .
 []


Overfull \hbox (42.60643pt too wide) in paragraph at lines 122--123
\OT1/cmr/m/n/12 stores file bytes through the ob-ject stor-age port and saves m
eta-data in \OT1/cmtt/m/n/12 ScfCounterPartyDocument\OT1/cmr/m/n/12 .
 []

[31]
Overfull \hbox (48.11708pt too wide) in paragraph at lines 149--150
\OT1/cmtt/m/n/12 CashflowUpdateController\OT1/cmr/m/n/12 , \OT1/cmtt/m/n/12 Fee
CatalogueUpdateController\OT1/cmr/m/n/12 , \OT1/cmtt/m/n/12 ProgramConfiguratio
nService\OT1/cmr/m/n/12 ,
 []


Overfull \hbox (1.73349pt too wide) in paragraph at lines 149--150
\OT1/cmtt/m/n/12 CashflowUpdateService\OT1/cmr/m/n/12 , \OT1/cmtt/m/n/12 FeeCat
alogueUpdateService\OT1/cmr/m/n/12 , and \OT1/cmtt/m/n/12 ProgramSnapshotServic
e\OT1/cmr/m/n/12 . 
 []

<images/ch3_program_configuration_flow.png, id=997, 1405.25pt x 742.775pt>
File: images/ch3_program_configuration_flow.png Graphic file (type png)
<use images/ch3_program_configuration_flow.png>
Package pdftex.def Info: images/ch3_program_configuration_flow.png  used on inp
ut line 158.
(pdftex.def)             Requested size: 455.24411pt x 240.62831pt.
[32] [33 <./images/ch3_program_configuration_flow.png (PNG copy)>] [34])
[35]
\openout2 = `chapters/chapter_4.aux'.

 (chapters/chapter_4.tex
Chapter 4.

Overfull \hbox (85.6837pt too wide) in paragraph at lines 17--18
\OT1/cmr/m/n/12 struc-ture. The avail-able routes in-clude \OT1/cmtt/m/n/12 /au
th\OT1/cmr/m/n/12 , the main pro-tected route \OT1/cmtt/m/n/12 /\OT1/cmr/m/n/12
 , and \OT1/cmtt/m/n/12 /specification-document\OT1/cmr/m/n/12 .
 []


Overfull \hbox (9.23193pt too wide) in paragraph at lines 17--18
\OT1/cmr/m/n/12 The ap-pli-ca-tion is wrapped with \OT1/cmtt/m/n/12 KeycloakAut
hProvider\OT1/cmr/m/n/12 , \OT1/cmtt/m/n/12 QueryClientProvider\OT1/cmr/m/n/12 
, \OT1/cmtt/m/n/12 Toaster\OT1/cmr/m/n/12 ,
 []

[36




]
<images/ch4_navigation_role_flow.png, id=1023, 1385.175pt x 662.475pt>
File: images/ch4_navigation_role_flow.png Graphic file (type png)
<use images/ch4_navigation_role_flow.png>
Package pdftex.def Info: images/ch4_navigation_role_flow.png  used on input lin
e 30.
(pdftex.def)             Requested size: 455.24411pt x 217.71776pt.
 [37 <./images/ch4_navigation_role_flow.png (PNG copy)>]
Overfull \hbox (12.49684pt too wide) in paragraph at lines 59--60
\OT1/cmtt/m/n/12 SCFProductDefinition\OT1/cmr/m/n/12 , and product-related com-
po-nents such as \OT1/cmtt/m/n/12 ProductSolutionToggle\OT1/cmr/m/n/12 .
 []


Overfull \hbox (4.94894pt too wide) in paragraph at lines 61--62
[]\OT1/cmr/m/n/12 Program con-fig-u-ra-tion is han-dled by \OT1/cmtt/m/n/12 SCF
ProgramConfiguration \OT1/cmr/m/n/12 and \OT1/cmtt/m/n/12 ProgramFormDialog\OT1
/cmr/m/n/12 .
 []


Overfull \hbox (64.82486pt too wide) in paragraph at lines 61--62
\OT1/cmr/m/n/12 The di-a-log is struc-tured as a multi-step con-fig-u-ra-tion p
ro-cess: \OT1/cmtt/m/n/12 GeneralPartyPane\OT1/cmr/m/n/12 , \OT1/cmtt/m/n/12 Fe
eCataloguePane\OT1/cmr/m/n/12 ,
 []


Overfull \hbox (15.49924pt too wide) in paragraph at lines 68--69
\OT1/cmr/m/n/12 port. The com-po-nent is con-nected to back-end op-er-a-tions t
hrough \OT1/cmtt/m/n/12 scfCounterPartyService\OT1/cmr/m/n/12 . 
 []

[38]
<images/ch4_invoice_upload_flow.png, id=1033, 1445.4pt x 682.55pt>
File: images/ch4_invoice_upload_flow.png Graphic file (type png)
<use images/ch4_invoice_upload_flow.png>
Package pdftex.def Info: images/ch4_invoice_upload_flow.png  used on input line
 89.
(pdftex.def)             Requested size: 455.24411pt x 214.97314pt.
 [39]
Overfull \hbox (103.47913pt too wide) in paragraph at lines 101--102
\OT1/cmr/m/n/12 The man-ual in-voice flow is han-dled by \OT1/cmtt/m/n/12 Invoi
ceForm\OT1/cmr/m/n/12 . It is or-ga-nized into panes: \OT1/cmtt/m/n/12 InvoiceG
eneralDetailsPane\OT1/cmr/m/n/12 ,
 []


Overfull \hbox (10.14265pt too wide) in paragraph at lines 101--102
\OT1/cmtt/m/n/12 InvoiceProgressIndicator\OT1/cmr/m/n/12 , \OT1/cmtt/m/n/12 Inv
oicePaneRenderer\OT1/cmr/m/n/12 , and \OT1/cmtt/m/n/12 InvoiceFormActions \OT1/
cmr/m/n/12 give struc-
 []


Overfull \hbox (104.64073pt too wide) in paragraph at lines 111--112
\OT1/cmr/m/n/12 The early pay-ment flow is im-ple-mented through \OT1/cmtt/m/n/
12 EarlyPaymentRequestModal \OT1/cmr/m/n/12 and \OT1/cmtt/m/n/12 EarlyPaymentRe
questForm\OT1/cmr/m/n/12 .
 []

[40 <./images/ch4_invoice_upload_flow.png (PNG copy)>]
Overfull \hbox (61.57574pt too wide) in paragraph at lines 118--119
\OT1/cmr/m/n/12 The fi-nance dis-burse-ment flow is im-ple-mented as a six-step
 wiz-ard in-side \OT1/cmtt/m/n/12 FinanceDisbursementModal\OT1/cmr/m/n/12 .
 []


Overfull \hbox (34.1899pt too wide) in paragraph at lines 118--119
\OT1/cmr/m/n/12 The panes are \OT1/cmtt/m/n/12 ProgramProductSelectionPane\OT1/
cmr/m/n/12 , \OT1/cmtt/m/n/12 InvoiceSelectionPane\OT1/cmr/m/n/12 , \OT1/cmtt/m
/n/12 FinanceDetailsPane\OT1/cmr/m/n/12 ,
 []

<images/ch4_finance_disbursement_wizard.png, id=1044, 1405.25pt x 521.95pt>
File: images/ch4_finance_disbursement_wizard.png Graphic file (type png)
<use images/ch4_finance_disbursement_wizard.png>
Package pdftex.def Info: images/ch4_finance_disbursement_wizard.png  used on in
put line 122.
(pdftex.def)             Requested size: 455.24411pt x 169.09016pt.

Overfull \hbox (33.98318pt too wide) in paragraph at lines 134--135
\OT1/cmtt/m/n/12 DocumentInquiry \OT1/cmr/m/n/12 gives users a fil-tered brows-
ing in-ter-face for doc-u-ments. \OT1/cmtt/m/n/12 DocumentUploadPopup
 []

[41 <./images/ch4_finance_disbursement_wizard.png (PNG copy)>]
Overfull \hbox (1.36288pt too wide) in paragraph at lines 136--137
[]\OT1/cmr/m/n/12 The \OT1/cmtt/m/n/12 SpecificationDocument \OT1/cmr/m/n/12 pa
ge is routed sep-a-rately and pro-tected through \OT1/cmtt/m/n/12 AuthGuard\OT1
/cmr/m/n/12 .
 []

[42]
Overfull \hbox (56.1364pt too wide) in paragraph at lines 164--165
[]\OT1/cmr/m/n/12 Feature ser-vices wrap this client with typed func-tions. Ex-
am-ples in-clude \OT1/cmtt/m/n/12 scfProgramConfigService\OT1/cmr/m/n/12 ,
 []


Overfull \hbox (91.30315pt too wide) in paragraph at lines 164--165
\OT1/cmtt/m/n/12 scfProductService\OT1/cmr/m/n/12 , \OT1/cmtt/m/n/12 invoiceUpl
oadService\OT1/cmr/m/n/12 , \OT1/cmtt/m/n/12 financeDisbursementService\OT1/cmr
/m/n/12 , \OT1/cmtt/m/n/12 documentInquiryService\OT1/cmr/m/n/12 ,
 []

<images/ch4_services_layer.png, id=1054, 1405.25pt x 672.5125pt>
File: images/ch4_services_layer.png Graphic file (type png)
<use images/ch4_services_layer.png>
Package pdftex.def Info: images/ch4_services_layer.png  used on input line 168.

(pdftex.def)             Requested size: 455.24411pt x 217.86617pt.
[43 <./images/ch4_services_layer.png (PNG copy)>]) [44]
\openout2 = `chapters/chapter_5.aux'.

 (chapters/chapter_5.tex
Chapter 5.
[45




]
<images/ch5_value_chain_map.png, id=1068, 1606.0pt x 843.15pt>
File: images/ch5_value_chain_map.png Graphic file (type png)
<use images/ch5_value_chain_map.png>
Package pdftex.def Info: images/ch5_value_chain_map.png  used on input line 23.

(pdftex.def)             Requested size: 455.24411pt x 239.00084pt.
 [46 <./images/ch5_value_chain_map.png (PNG copy)>]
<images/ch5_integration_roadmap.png, id=1075, 1485.55pt x 692.5875pt>
File: images/ch5_integration_roadmap.png Graphic file (type png)
<use images/ch5_integration_roadmap.png>
Package pdftex.def Info: images/ch5_integration_roadmap.png  used on input line
 55.
(pdftex.def)             Requested size: 455.24411pt x 212.23755pt.
 [47 <./images/ch5_integration_roadmap.png (PNG copy)>] [48] [49] [50]
Overfull \hbox (56.6926pt too wide) in paragraph at lines 180--181
\OT1/cmr/m/n/12 The fron-tend ser-vice map-ping iden-ti-fies the tar-get end-po
int fam-ily as \OT1/cmtt/m/n/12 /scf/finance/disbursements\OT1/cmr/m/n/12 .
 []


Overfull \hbox (73.20981pt too wide) in paragraph at lines 180--181
\OT1/cmr/m/n/12 The ex-pected cre-ation ac-tion is rep-re-sented by \OT1/cmtt/m
/n/12 financeDisbursementService.createDisbursement()\OT1/cmr/m/n/12 ,
 []


Overfull \hbox (33.08229pt too wide) in paragraph at lines 199--199
\OT1/cmtt/m/n/12 /scf/finance/disbursements|  
 []


Overfull \hbox (33.08229pt too wide) in paragraph at lines 199--199
\OT1/cmtt/m/n/12 /scf/finance/disbursements|  
 []


Overfull \hbox (51.6073pt too wide) in paragraph at lines 199--199
\OT1/cmtt/m/n/12 /scf/finance/disbursements/id|  
 []


Overfull \hbox (94.83232pt too wide) in paragraph at lines 199--199
\OT1/cmtt/m/n/12 /scf/finance/disbursements/id/submit|  
 []


Overfull \hbox (101.00732pt too wide) in paragraph at lines 199--199
\OT1/cmtt/m/n/12 /scf/finance/disbursements/id/approve|  
 []


Overfull \hbox (94.83232pt too wide) in paragraph at lines 199--199
\OT1/cmtt/m/n/12 /scf/finance/disbursements/id/reject|  
 []

[51]
<images/ch5_disbursement_activity_uml.png, id=1098, 1525.7pt x 1184.425pt>
File: images/ch5_disbursement_activity_uml.png Graphic file (type png)
<use images/ch5_disbursement_activity_uml.png>
Package pdftex.def Info: images/ch5_disbursement_activity_uml.png  used on inpu
t line 212.
(pdftex.def)             Requested size: 455.24411pt x 353.41452pt.
 [52]
<images/ch5_disbursement_sequence_uml.png, id=1105, 1485.55pt x 1074.0125pt>
File: images/ch5_disbursement_sequence_uml.png Graphic file (type png)
<use images/ch5_disbursement_sequence_uml.png>
Package pdftex.def Info: images/ch5_disbursement_sequence_uml.png  used on inpu
t line 226.
(pdftex.def)             Requested size: 455.24411pt x 329.12201pt.
 [53 <./images/ch5_disbursement_activity_uml.png (PNG copy)>]
Overfull \hbox (89.02652pt too wide) in paragraph at lines 241--242
[]\OT1/cmr/m/n/12 The ser-vice layer fol-lows the same ap-proach used by the re
st of the fron-tend. \OT1/cmtt/m/n/12 invoiceDisbursementService
 []

[54 <./images/ch5_disbursement_sequence_uml.png (PNG copy)>] [55] [56])
[57]
\openout2 = `chapters/chapter_6.aux'.

 (chapters/chapter_6.tex
Chapter 6.
[58




]
<images/ch6_contribution_streams.png, id=1135, 1525.7pt x 742.775pt>
File: images/ch6_contribution_streams.png Graphic file (type png)
<use images/ch6_contribution_streams.png>
Package pdftex.def Info: images/ch6_contribution_streams.png  used on input lin
e 41.
(pdftex.def)             Requested size: 455.24411pt x 221.63283pt.
 [59 <./images/ch6_contribution_streams.png (PNG copy)>] [60] [61] [62]
<images/ch6_skills_map.png, id=1152, 1505.625pt x 782.925pt>
File: images/ch6_skills_map.png Graphic file (type png)
<use images/ch6_skills_map.png>
Package pdftex.def Info: images/ch6_skills_map.png  used on input line 143.
(pdftex.def)             Requested size: 455.24411pt x 236.73102pt.

[63 <./images/ch6_skills_map.png (PNG copy)>] [64]
<images/ch6_future_roadmap.png, id=1162, 1505.625pt x 682.55pt>
File: images/ch6_future_roadmap.png Graphic file (type png)
<use images/ch6_future_roadmap.png>
Package pdftex.def Info: images/ch6_future_roadmap.png  used on input line 197.

(pdftex.def)             Requested size: 455.24411pt x 206.38087pt.
 [65 <./images/ch6_future_roadmap.png (PNG copy)>]) [66] (main.aux (chapters/ge
neral_introduction.aux)
(chapters/chapter_1.aux) (chapters/chapter_2.aux) (chapters/chapter_3.aux)
(chapters/chapter_4.aux) (chapters/chapter_5.aux) (chapters/chapter_6.aux))
 ***********
LaTeX2e <2026-06-01>
L3 programming layer <2026-05-26>
 ***********
Package rerunfilecheck Info: File `main.out' has not changed.
(rerunfilecheck)             Checksum: E52289A5D95E449FD4754F45A6B4100D;29577.
 ) 
Here is how much of TeX's memory you used:
 14753 strings out of 467508
 237088 string characters out of 5408765
 679589 words of memory out of 5000000
 43495 multiletter control sequences out of 15000+600000
 635512 words of font info for 69 fonts, out of 8000000 for 9000
 1141 hyphenation exceptions out of 8191
 74i,10n,83p,1230b,540s stack positions out of 10000i,1000n,20000p,200000b,200000s
 <C:\Users\zakar\AppData\Local\MiKTeX\fonts/pk/ljfour/jknappen/ec/dpi600\tcrm
1200.pk><C:/Users/zakar/AppData/Local/Programs/MiKTeX/fonts/type1/public/amsfon
ts/cm/cmbx12.pfb><C:/Users/zakar/AppData/Local/Programs/MiKTeX/fonts/type1/publ
ic/amsfonts/cm/cmr12.pfb><C:/Users/zakar/AppData/Local/Programs/MiKTeX/fonts/ty
pe1/public/amsfonts/cm/cmti12.pfb><C:/Users/zakar/AppData/Local/Programs/MiKTeX
/fonts/type1/public/amsfonts/cm/cmtt12.pfb>
Output written on main.pdf (75 pages, 981529 bytes).
PDF statistics:
 1254 PDF objects out of 1440 (max. 8388607)
 265 named destinations out of 1000 (max. 500000)
 1266 words of extra memory for PDF output out of 10000 (max. 10000000)

